d:\myprojects\projects.cpp\sieve\bin\x64\imm\primesieve.cpp.json
d:\myprojects\projects.cpp\sieve\bin\x64\imm\primesieve.xdc
d:\myprojects\projects.cpp\sieve\bin\x64\imm\sieve.cpp.json
d:\myprojects\projects.cpp\sieve\bin\x64\imm\sieve.xdc
d:\myprojects\projects.cpp\sieve\bin\x64\imm\tbitarray.cpp.json
d:\myprojects\projects.cpp\sieve\bin\x64\imm\tbitarray.xdc
d:\myprojects\projects.cpp\sieve\bin\x64\imm\tbitarray.obj
d:\myprojects\projects.cpp\sieve\bin\x64\imm\tbitarray.asm
d:\myprojects\projects.cpp\sieve\bin\x64\imm\sieve.obj
d:\myprojects\projects.cpp\sieve\bin\x64\imm\sieve.asm
d:\myprojects\projects.cpp\sieve\bin\x64\imm\primesieve.obj
d:\myprojects\projects.cpp\sieve\bin\x64\imm\primesieve.asm
d:\myprojects\projects.cpp\sieve\bin\x64\concrt140.dll
d:\myprojects\projects.cpp\sieve\bin\x64\msvcp140.dll
d:\myprojects\projects.cpp\sieve\bin\x64\msvcp140_1.dll
d:\myprojects\projects.cpp\sieve\bin\x64\msvcp140_2.dll
d:\myprojects\projects.cpp\sieve\bin\x64\msvcp140_atomic_wait.dll
d:\myprojects\projects.cpp\sieve\bin\x64\msvcp140_codecvt_ids.dll
d:\myprojects\projects.cpp\sieve\bin\x64\vccorlib140.dll
d:\myprojects\projects.cpp\sieve\bin\x64\vcruntime140.dll
d:\myprojects\projects.cpp\sieve\bin\x64\vcruntime140_1.dll
d:\myprojects\projects.cpp\sieve\bin\x64\vcamp140.dll
d:\myprojects\projects.cpp\sieve\bin\x64\vcomp140.dll
d:\myprojects\projects.cpp\sieve\bin\x64\primesieve.exe
d:\myprojects\projects.cpp\sieve\bin\x64\primesieve.ilk
d:\myprojects\projects.cpp\sieve\bin\x64\primesieve.pdb
d:\myprojects\projects.cpp\sieve\bin\x64\primesieve.xml
d:\myprojects\projects.cpp\sieve\bin\x64\imm\sieve2.tlog\cl.command.1.tlog
d:\myprojects\projects.cpp\sieve\bin\x64\imm\sieve2.tlog\cl.read.1.tlog
d:\myprojects\projects.cpp\sieve\bin\x64\imm\sieve2.tlog\cl.write.1.tlog
d:\myprojects\projects.cpp\sieve\bin\x64\imm\sieve2.tlog\copylocal.read.1u.tlog
d:\myprojects\projects.cpp\sieve\bin\x64\imm\sieve2.tlog\copylocal.write.1u.tlog
d:\myprojects\projects.cpp\sieve\bin\x64\imm\sieve2.tlog\link.command.1.tlog
d:\myprojects\projects.cpp\sieve\bin\x64\imm\sieve2.tlog\link.read.1.tlog
d:\myprojects\projects.cpp\sieve\bin\x64\imm\sieve2.tlog\link.write.1.tlog
d:\myprojects\projects.cpp\sieve\bin\x64\imm\sieve2.tlog\xdcmake.command.1.tlog
d:\myprojects\projects.cpp\sieve\bin\x64\imm\sieve2.tlog\xdcmake.read.1.tlog
d:\myprojects\projects.cpp\sieve\bin\x64\imm\sieve2.tlog\xdcmake.write.1.tlog
